<?xml version="1.0" encoding="UTF-8"?>
<testng-results skipped="0" failed="0" ignored="0" total="1" passed="1">
  <reporter-output>
  </reporter-output>
  <suite name="Default suite" duration-ms="1970" started-at="2019-12-24T06:50:32Z" finished-at="2019-12-24T06:50:34Z">
    <groups>
    </groups>
    <test name="Default test" duration-ms="1970" started-at="2019-12-24T06:50:32Z" finished-at="2019-12-24T06:50:34Z">
      <class name="com.restapi.testing.SimpleGetTest">
        <test-method status="PASS" signature="GetWeatherDetails()[pri:0, instance:com.restapi.testing.SimpleGetTest@7c16905e]" name="GetWeatherDetails" duration-ms="1952" started-at="2019-12-24T12:20:32Z" finished-at="2019-12-24T12:20:34Z">
          <reporter-output>
          </reporter-output>
        </test-method> <!-- GetWeatherDetails -->
      </class> <!-- com.restapi.testing.SimpleGetTest -->
    </test> <!-- Default test -->
  </suite> <!-- Default suite -->
</testng-results>
